<?xml version="1.0" encoding="UTF-8"?>
<!-- Generated by org.testng.reporters.JUnitXMLReporter -->
<testsuite ignored="0" hostname="MacBook-Pro.local" failures="0" tests="5" name="Login Page Test" time="13.543" errors="0" timestamp="2025-09-30T14:15:28 IST">
  <testcase classname="com.qa.opencart.tests.LoginPageTest" name="forgotPswLinkExist" time="0.571"/>
  <testcase classname="com.qa.opencart.tests.LoginPageTest" name="forgotpsw" time="0.001"/>
  <testcase classname="com.qa.opencart.tests.LoginPageTest" name="loginPageTitleTest" time="0.02"/>
  <testcase classname="com.qa.opencart.tests.LoginPageTest" name="loginPageURLTest" time="0.019"/>
  <testcase classname="com.qa.opencart.tests.LoginPageTest" name="dologinTest" time="3.184"/>
</testsuite> <!-- Login Page Test -->
