<?xml version="1.0" encoding="UTF-8"?>
<!-- Generated by org.testng.reporters.JUnitXMLReporter -->
<testsuite ignored="1" hostname="MacBook-Pro.local" failures="0" tests="4" name="Login Page Test" time="15.642" errors="0" timestamp="2025-10-12T22:52:59 IST">
  <testcase classname="com.qa.opencart.tests.LoginPageTest" name="forgotPswLinkExist" time="0.582"/>
  <testcase classname="com.qa.opencart.tests.LoginPageTest" name="loginPageTitleTest" time="0.025"/>
  <testcase classname="com.qa.opencart.tests.LoginPageTest" name="loginPageURLTest" time="0.025"/>
  <testcase classname="com.qa.opencart.tests.LoginPageTest" name="dologinTest" time="5.334"/>
  <testcase classname="com.qa.opencart.tests.LoginPageTest" name="forgotpsw" time="0.0">
    <ignored/>
  </testcase> <!-- forgotpsw -->
</testsuite> <!-- Login Page Test -->
