<?xml version="1.0" encoding="UTF-8"?>
<!-- Generated by org.testng.reporters.JUnitXMLReporter -->
<testsuite ignored="0" hostname="MacBook-Pro.local" failures="0" tests="5" name="Login Page Test" time="18.334" errors="0" timestamp="2025-09-30T13:31:13 IST">
  <testcase classname="com.qa.opencart.tests.LoginPageTest" name="forgotPswLinkExist" time="0.609"/>
  <testcase classname="com.qa.opencart.tests.LoginPageTest" name="forgotpsw" time="0.001"/>
  <testcase classname="com.qa.opencart.tests.LoginPageTest" name="loginPageTitleTest" time="0.028"/>
  <testcase classname="com.qa.opencart.tests.LoginPageTest" name="loginPageURLTest" time="0.017"/>
  <testcase classname="com.qa.opencart.tests.LoginPageTest" name="dologinTest" time="6.307"/>
</testsuite> <!-- Login Page Test -->
