<?xml version="1.0" encoding="UTF-8"?>
<!-- Generated by org.testng.reporters.JUnitXMLReporter -->
<testsuite ignored="0" hostname="Sachins-MacBook-Pro.local" failures="0" tests="16" name="Product Info Page Test" time="117.042" errors="0" timestamp="2025-09-26T06:51:55 IST">
  <testcase classname="com.qa.opencart.tests.ProductInfoPageTest" name="productHeaderTest" time="15.374"/>
  <testcase classname="com.qa.opencart.tests.ProductInfoPageTest" name="productHeaderTest" time="5.63"/>
  <testcase classname="com.qa.opencart.tests.ProductInfoPageTest" name="productHeaderTest" time="5.218"/>
  <testcase classname="com.qa.opencart.tests.ProductInfoPageTest" name="productHeaderTest" time="5.418"/>
  <testcase classname="com.qa.opencart.tests.ProductInfoPageTest" name="productHeaderTest" time="5.229"/>
  <testcase classname="com.qa.opencart.tests.ProductInfoPageTest" name="productImageCountTest" time="4.638"/>
  <testcase classname="com.qa.opencart.tests.ProductInfoPageTest" name="productImageCountTest" time="4.639"/>
  <testcase classname="com.qa.opencart.tests.ProductInfoPageTest" name="productImageCountTest" time="5.53"/>
  <testcase classname="com.qa.opencart.tests.ProductInfoPageTest" name="productImageCountTest" time="4.053"/>
  <testcase classname="com.qa.opencart.tests.ProductInfoPageTest" name="productImageCountTest" time="3.888"/>
  <testcase classname="com.qa.opencart.tests.ProductInfoPageTest" name="productMetaDataTest" time="4.132"/>
  <testcase classname="com.qa.opencart.tests.ProductInfoPageTest" name="productMetaDataTest" time="4.17"/>
  <testcase classname="com.qa.opencart.tests.ProductInfoPageTest" name="productMetaDataTest" time="4.066"/>
  <testcase classname="com.qa.opencart.tests.ProductInfoPageTest" name="productMetaDataTest" time="3.862"/>
  <testcase classname="com.qa.opencart.tests.ProductInfoPageTest" name="productMetaDataTest" time="4.48"/>
  <testcase classname="com.qa.opencart.tests.ProductInfoPageTest" name="productPageURLTest" time="9.346"/>
</testsuite> <!-- Product Info Page Test -->
