<?xml version="1.0" encoding="UTF-8"?>
<!-- Generated by org.testng.reporters.JUnitXMLReporter -->
<testsuite ignored="0" hostname="Sachins-MacBook-Pro.local" failures="0" tests="16" name="Product Info Page Test" time="64.082" errors="0" timestamp="2025-09-26T12:24:02 IST">
  <testcase classname="com.qa.opencart.tests.ProductInfoPageTest" name="productHeaderTest" time="3.844"/>
  <testcase classname="com.qa.opencart.tests.ProductInfoPageTest" name="productHeaderTest" time="3.076"/>
  <testcase classname="com.qa.opencart.tests.ProductInfoPageTest" name="productHeaderTest" time="2.891"/>
  <testcase classname="com.qa.opencart.tests.ProductInfoPageTest" name="productHeaderTest" time="2.962"/>
  <testcase classname="com.qa.opencart.tests.ProductInfoPageTest" name="productHeaderTest" time="2.482"/>
  <testcase classname="com.qa.opencart.tests.ProductInfoPageTest" name="productImageCountTest" time="2.266"/>
  <testcase classname="com.qa.opencart.tests.ProductInfoPageTest" name="productImageCountTest" time="2.034"/>
  <testcase classname="com.qa.opencart.tests.ProductInfoPageTest" name="productImageCountTest" time="2.062"/>
  <testcase classname="com.qa.opencart.tests.ProductInfoPageTest" name="productImageCountTest" time="1.927"/>
  <testcase classname="com.qa.opencart.tests.ProductInfoPageTest" name="productImageCountTest" time="2.069"/>
  <testcase classname="com.qa.opencart.tests.ProductInfoPageTest" name="productMetaDataTest" time="2.103"/>
  <testcase classname="com.qa.opencart.tests.ProductInfoPageTest" name="productMetaDataTest" time="2.001"/>
  <testcase classname="com.qa.opencart.tests.ProductInfoPageTest" name="productMetaDataTest" time="1.938"/>
  <testcase classname="com.qa.opencart.tests.ProductInfoPageTest" name="productMetaDataTest" time="1.966"/>
  <testcase classname="com.qa.opencart.tests.ProductInfoPageTest" name="productMetaDataTest" time="2.019"/>
  <testcase classname="com.qa.opencart.tests.ProductInfoPageTest" name="productPageURLTest" time="1.873"/>
</testsuite> <!-- Product Info Page Test -->
