<?xml version="1.0" encoding="UTF-8"?>
<!-- Generated by org.testng.reporters.JUnitXMLReporter -->
<testsuite ignored="0" hostname="Sachins-MacBook-Pro.local" failures="0" tests="3" name="Registration Page Test" time="78.318" errors="0" timestamp="2025-09-26T06:51:16 IST">
  <testcase classname="com.qa.opencart.tests.RegistrationPageTest" name="userResgistrationTest" time="21.044"/>
  <testcase classname="com.qa.opencart.tests.RegistrationPageTest" name="userResgistrationTest" time="15.829"/>
  <testcase classname="com.qa.opencart.tests.RegistrationPageTest" name="userResgistrationTest" time="16.883"/>
</testsuite> <!-- Registration Page Test -->
