<?xml version="1.0" encoding="UTF-8"?>
<!-- Generated by org.testng.reporters.JUnitXMLReporter -->
<testsuite ignored="0" hostname="MacBook-Pro.local" failures="0" tests="3" name="Registration Page Test" time="30.9" errors="0" timestamp="2025-10-12T22:51:07 IST">
  <testcase classname="com.qa.opencart.tests.RegistrationPageTest" name="userResgistrationTest" time="6.815"/>
  <testcase classname="com.qa.opencart.tests.RegistrationPageTest" name="userResgistrationTest" time="3.348"/>
  <testcase classname="com.qa.opencart.tests.RegistrationPageTest" name="userResgistrationTest" time="2.372"/>
</testsuite> <!-- Registration Page Test -->
