<?xml version="1.0" encoding="UTF-8"?>
<!-- Generated by org.testng.reporters.JUnitXMLReporter -->
<testsuite ignored="0" hostname="MacBook-Pro.local" failures="0" tests="3" name="Saerch Results Page Test" time="21.749" errors="0" timestamp="2025-10-03T23:36:04 IST">
  <testcase classname="com.qa.opencart.tests.SearchResultsPageTest" name="searchPageHeadertest" time="1.917"/>
  <testcase classname="com.qa.opencart.tests.SearchResultsPageTest" name="searchResultsTest" time="1.125"/>
  <testcase classname="com.qa.opencart.tests.SearchResultsPageTest" name="selectProductTest" time="3.599"/>
</testsuite> <!-- Saerch Results Page Test -->
