<?xml version="1.0" encoding="UTF-8"?>
<!-- Generated by org.testng.reporters.JUnitXMLReporter -->
<testsuite ignored="0" hostname="Sachins-MacBook-Pro.local" failures="0" tests="3" name="Saerch Results Page Test" time="24.134" errors="0" timestamp="2025-09-26T12:23:22 IST">
  <testcase classname="com.qa.opencart.tests.SearchResultsPageTest" name="searchPageHeadertest" time="1.512"/>
  <testcase classname="com.qa.opencart.tests.SearchResultsPageTest" name="searchResultsTest" time="1.56"/>
  <testcase classname="com.qa.opencart.tests.SearchResultsPageTest" name="selectProductTest" time="2.432"/>
</testsuite> <!-- Saerch Results Page Test -->
