<?xml version="1.0" encoding="UTF-8"?>
<!-- Generated by org.testng.reporters.JUnitXMLReporter -->
<testsuite ignored="0" hostname="MacBook-Pro.local" failures="0" tests="4" name="Default test" time="20.925" errors="0" timestamp="2025-09-17T03:42:29 IST">
  <testcase classname="com.qa.opencart.tests.ProductInfoPageTest" name="productHeaderTest" time="4.39"/>
  <testcase classname="com.qa.opencart.tests.ProductInfoPageTest" name="productImageCountTest" time="1.855"/>
  <testcase classname="com.qa.opencart.tests.ProductInfoPageTest" name="productMetaDataTest" time="2.179"/>
  <testcase classname="com.qa.opencart.tests.ProductInfoPageTest" name="productPageURLTest" time="1.305"/>
</testsuite> <!-- Default test -->
