<?xml version="1.0" encoding="UTF-8"?>
<testng-results ignored="0" total="5" passed="5" failed="0" skipped="0">
  <reporter-output>
  </reporter-output>
  <suite started-at="2025-09-26T21:34:05 IST" name="Opencart App Test Regression Suite" finished-at="2025-09-26T21:34:16 IST" duration-ms="10685">
    <groups>
    </groups>
    <test started-at="2025-09-26T21:34:05 IST" name="Login Page Test" finished-at="2025-09-26T21:34:16 IST" duration-ms="10685">
      <class name="com.qa.opencart.tests.LoginPageTest">
        <test-method is-config="true" signature="setUp(java.lang.String)[pri:0, instance:com.qa.opencart.tests.LoginPageTest@17497425]" started-at="2025-09-26T21:34:05 IST" name="setUp" finished-at="2025-09-26T21:34:13 IST" duration-ms="8362" status="PASS">
          <params>
            <param index="0">
              <value>
                <![CDATA[chrome]]>
              </value>
            </param>
          </params>
          <reporter-output>
          </reporter-output>
        </test-method> <!-- setUp -->
        <test-method signature="forgotPswLinkExist()[pri:0, instance:com.qa.opencart.tests.LoginPageTest@17497425]" started-at="2025-09-26T21:34:13 IST" name="forgotPswLinkExist" description="Forgot Passwork Link Check" finished-at="2025-09-26T21:34:14 IST" duration-ms="82" status="PASS">
          <reporter-output>
          </reporter-output>
        </test-method> <!-- forgotPswLinkExist -->
        <test-method signature="forgotpsw()[pri:0, instance:com.qa.opencart.tests.LoginPageTest@17497425]" started-at="2025-09-26T21:34:14 IST" name="forgotpsw" description="Work In Progress WIP" finished-at="2025-09-26T21:34:14 IST" duration-ms="11" status="PASS">
          <reporter-output>
          </reporter-output>
        </test-method> <!-- forgotpsw -->
        <test-method signature="loginPageTitleTest()[pri:0, instance:com.qa.opencart.tests.LoginPageTest@17497425]" started-at="2025-09-26T21:34:14 IST" name="loginPageTitleTest" finished-at="2025-09-26T21:34:14 IST" duration-ms="75" status="PASS">
          <reporter-output>
          </reporter-output>
        </test-method> <!-- loginPageTitleTest -->
        <test-method signature="loginPageURLTest()[pri:0, instance:com.qa.opencart.tests.LoginPageTest@17497425]" started-at="2025-09-26T21:34:14 IST" name="loginPageURLTest" finished-at="2025-09-26T21:34:14 IST" duration-ms="44" status="PASS">
          <reporter-output>
          </reporter-output>
        </test-method> <!-- loginPageURLTest -->
        <test-method signature="dologinTest()[pri:32767, instance:com.qa.opencart.tests.LoginPageTest@17497425]" started-at="2025-09-26T21:34:14 IST" name="dologinTest" description="Login Check" finished-at="2025-09-26T21:34:16 IST" duration-ms="1838" status="PASS">
          <reporter-output>
          </reporter-output>
        </test-method> <!-- dologinTest -->
        <test-method is-config="true" signature="tearDown()[pri:0, instance:com.qa.opencart.tests.LoginPageTest@17497425]" started-at="2025-09-26T21:34:16 IST" name="tearDown" finished-at="2025-09-26T21:34:16 IST" duration-ms="188" status="PASS">
          <reporter-output>
          </reporter-output>
        </test-method> <!-- tearDown -->
      </class> <!-- com.qa.opencart.tests.LoginPageTest -->
    </test> <!-- Login Page Test -->
  </suite> <!-- Opencart App Test Regression Suite -->
</testng-results>
