<?xml version="1.0" encoding="UTF-8"?>
<testng-results ignored="0" total="8" passed="8" failed="0" skipped="0">
  <reporter-output>
  </reporter-output>
  <suite started-at="2025-09-30T14:15:14 IST" name="Opencart App Test Sanity Suite" finished-at="2025-09-30T14:15:28 IST" duration-ms="13543">
    <groups>
    </groups>
    <test started-at="2025-09-30T14:15:14 IST" name="Accounts Page Test" finished-at="2025-09-30T14:15:27 IST" duration-ms="13280">
      <class name="com.qa.opencart.tests.AccountsPageTest">
        <test-method is-config="true" signature="setUp(java.lang.String)[pri:0, instance:com.qa.opencart.tests.AccountsPageTest@5829e4f4]" started-at="2025-09-30T14:15:14 IST" name="setUp" finished-at="2025-09-30T14:15:24 IST" duration-ms="9479" status="PASS">
          <params>
            <param index="0">
              <value>
                <![CDATA[chrome]]>
              </value>
            </param>
          </params>
          <reporter-output>
          </reporter-output>
        </test-method> <!-- setUp -->
        <test-method is-config="true" signature="accPageSetup()[pri:0, instance:com.qa.opencart.tests.AccountsPageTest@5829e4f4]" started-at="2025-09-30T14:15:24 IST" name="accPageSetup" finished-at="2025-09-30T14:15:27 IST" duration-ms="3454" status="PASS">
          <reporter-output>
          </reporter-output>
        </test-method> <!-- accPageSetup -->
        <test-method is-config="true" signature="beforeMethod()[pri:0, instance:com.qa.opencart.tests.AccountsPageTest@5829e4f4]" started-at="2025-09-30T14:15:27 IST" name="beforeMethod" finished-at="2025-09-30T14:15:27 IST" duration-ms="1" status="PASS">
          <reporter-output>
          </reporter-output>
        </test-method> <!-- beforeMethod -->
        <test-method signature="accPageHeadersTest()[pri:0, instance:com.qa.opencart.tests.AccountsPageTest@5829e4f4]" started-at="2025-09-30T14:15:27 IST" name="accPageHeadersTest" finished-at="2025-09-30T14:15:27 IST" duration-ms="141" status="PASS">
          <reporter-output>
          </reporter-output>
        </test-method> <!-- accPageHeadersTest -->
        <test-method is-config="true" signature="logAfterInitBrowser()[pri:0, instance:com.qa.opencart.tests.AccountsPageTest@5829e4f4]" started-at="2025-09-30T14:15:27 IST" name="logAfterInitBrowser" finished-at="2025-09-30T14:15:27 IST" duration-ms="1" status="PASS">
          <reporter-output>
          </reporter-output>
        </test-method> <!-- logAfterInitBrowser -->
        <test-method signature="accPageTitleTest()[pri:0, instance:com.qa.opencart.tests.AccountsPageTest@5829e4f4]" started-at="2025-09-30T14:15:27 IST" name="accPageTitleTest" finished-at="2025-09-30T14:15:27 IST" duration-ms="15" status="PASS">
          <reporter-output>
          </reporter-output>
        </test-method> <!-- accPageTitleTest -->
        <test-method is-config="true" signature="beforeMethod()[pri:0, instance:com.qa.opencart.tests.AccountsPageTest@5829e4f4]" started-at="2025-09-30T14:15:27 IST" name="beforeMethod" finished-at="2025-09-30T14:15:27 IST" duration-ms="0" status="PASS">
          <reporter-output>
          </reporter-output>
        </test-method> <!-- beforeMethod -->
        <test-method is-config="true" signature="logAfterInitBrowser()[pri:0, instance:com.qa.opencart.tests.AccountsPageTest@5829e4f4]" started-at="2025-09-30T14:15:27 IST" name="logAfterInitBrowser" finished-at="2025-09-30T14:15:27 IST" duration-ms="0" status="PASS">
          <reporter-output>
          </reporter-output>
        </test-method> <!-- logAfterInitBrowser -->
        <test-method signature="accPageURLTest()[pri:0, instance:com.qa.opencart.tests.AccountsPageTest@5829e4f4]" started-at="2025-09-30T14:15:27 IST" name="accPageURLTest" finished-at="2025-09-30T14:15:27 IST" duration-ms="15" status="PASS">
          <reporter-output>
          </reporter-output>
        </test-method> <!-- accPageURLTest -->
        <test-method is-config="true" signature="beforeMethod()[pri:0, instance:com.qa.opencart.tests.AccountsPageTest@5829e4f4]" started-at="2025-09-30T14:15:27 IST" name="beforeMethod" finished-at="2025-09-30T14:15:27 IST" duration-ms="0" status="PASS">
          <reporter-output>
          </reporter-output>
        </test-method> <!-- beforeMethod -->
        <test-method is-config="true" signature="logAfterInitBrowser()[pri:0, instance:com.qa.opencart.tests.AccountsPageTest@5829e4f4]" started-at="2025-09-30T14:15:27 IST" name="logAfterInitBrowser" finished-at="2025-09-30T14:15:27 IST" duration-ms="0" status="PASS">
          <reporter-output>
          </reporter-output>
        </test-method> <!-- logAfterInitBrowser -->
        <test-method is-config="true" signature="tearDown()[pri:0, instance:com.qa.opencart.tests.AccountsPageTest@5829e4f4]" started-at="2025-09-30T14:15:27 IST" name="tearDown" finished-at="2025-09-30T14:15:27 IST" duration-ms="99" status="PASS">
          <reporter-output>
          </reporter-output>
        </test-method> <!-- tearDown -->
      </class> <!-- com.qa.opencart.tests.AccountsPageTest -->
    </test> <!-- Accounts Page Test -->
    <test started-at="2025-09-30T14:15:14 IST" name="Login Page Test" finished-at="2025-09-30T14:15:28 IST" duration-ms="13543">
      <class name="com.qa.opencart.tests.LoginPageTest">
        <test-method is-config="true" signature="setUp(java.lang.String)[pri:0, instance:com.qa.opencart.tests.LoginPageTest@2072acb2]" started-at="2025-09-30T14:15:14 IST" name="setUp" finished-at="2025-09-30T14:15:24 IST" duration-ms="9579" status="PASS">
          <params>
            <param index="0">
              <value>
                <![CDATA[chrome]]>
              </value>
            </param>
          </params>
          <reporter-output>
          </reporter-output>
        </test-method> <!-- setUp -->
        <test-method signature="forgotPswLinkExist()[pri:0, instance:com.qa.opencart.tests.LoginPageTest@2072acb2]" started-at="2025-09-30T14:15:24 IST" name="forgotPswLinkExist" description="Forgot Passwork Link Check" finished-at="2025-09-30T14:15:24 IST" duration-ms="571" status="PASS">
          <reporter-output>
          </reporter-output>
        </test-method> <!-- forgotPswLinkExist -->
        <test-method is-config="true" signature="logAfterInitBrowser()[pri:0, instance:com.qa.opencart.tests.LoginPageTest@2072acb2]" started-at="2025-09-30T14:15:24 IST" name="logAfterInitBrowser" finished-at="2025-09-30T14:15:24 IST" duration-ms="0" status="PASS">
          <reporter-output>
          </reporter-output>
        </test-method> <!-- logAfterInitBrowser -->
        <test-method signature="forgotpsw()[pri:0, instance:com.qa.opencart.tests.LoginPageTest@2072acb2]" started-at="2025-09-30T14:15:24 IST" name="forgotpsw" description="Work In Progress WIP" finished-at="2025-09-30T14:15:24 IST" duration-ms="1" status="PASS">
          <reporter-output>
          </reporter-output>
        </test-method> <!-- forgotpsw -->
        <test-method signature="loginPageTitleTest()[pri:0, instance:com.qa.opencart.tests.LoginPageTest@2072acb2]" started-at="2025-09-30T14:15:24 IST" name="loginPageTitleTest" description="Login Page title Check" finished-at="2025-09-30T14:15:24 IST" duration-ms="20" status="PASS">
          <reporter-output>
          </reporter-output>
        </test-method> <!-- loginPageTitleTest -->
        <test-method is-config="true" signature="logAfterInitBrowser()[pri:0, instance:com.qa.opencart.tests.LoginPageTest@2072acb2]" started-at="2025-09-30T14:15:24 IST" name="logAfterInitBrowser" finished-at="2025-09-30T14:15:24 IST" duration-ms="0" status="PASS">
          <reporter-output>
          </reporter-output>
        </test-method> <!-- logAfterInitBrowser -->
        <test-method is-config="true" signature="logAfterInitBrowser()[pri:0, instance:com.qa.opencart.tests.LoginPageTest@2072acb2]" started-at="2025-09-30T14:15:24 IST" name="logAfterInitBrowser" finished-at="2025-09-30T14:15:24 IST" duration-ms="2" status="PASS">
          <reporter-output>
          </reporter-output>
        </test-method> <!-- logAfterInitBrowser -->
        <test-method signature="loginPageURLTest()[pri:0, instance:com.qa.opencart.tests.LoginPageTest@2072acb2]" started-at="2025-09-30T14:15:24 IST" name="loginPageURLTest" description="Login Page URL CHeck" finished-at="2025-09-30T14:15:24 IST" duration-ms="19" status="PASS">
          <reporter-output>
          </reporter-output>
        </test-method> <!-- loginPageURLTest -->
        <test-method is-config="true" signature="logAfterInitBrowser()[pri:0, instance:com.qa.opencart.tests.LoginPageTest@2072acb2]" started-at="2025-09-30T14:15:24 IST" name="logAfterInitBrowser" finished-at="2025-09-30T14:15:24 IST" duration-ms="0" status="PASS">
          <reporter-output>
          </reporter-output>
        </test-method> <!-- logAfterInitBrowser -->
        <test-method signature="dologinTest()[pri:32767, instance:com.qa.opencart.tests.LoginPageTest@2072acb2]" started-at="2025-09-30T14:15:24 IST" name="dologinTest" description="Login Check" finished-at="2025-09-30T14:15:28 IST" duration-ms="3184" status="PASS">
          <reporter-output>
          </reporter-output>
        </test-method> <!-- dologinTest -->
        <test-method is-config="true" signature="logAfterInitBrowser()[pri:0, instance:com.qa.opencart.tests.LoginPageTest@2072acb2]" started-at="2025-09-30T14:15:28 IST" name="logAfterInitBrowser" finished-at="2025-09-30T14:15:28 IST" duration-ms="1" status="PASS">
          <reporter-output>
          </reporter-output>
        </test-method> <!-- logAfterInitBrowser -->
        <test-method is-config="true" signature="tearDown()[pri:0, instance:com.qa.opencart.tests.LoginPageTest@2072acb2]" started-at="2025-09-30T14:15:28 IST" name="tearDown" finished-at="2025-09-30T14:15:28 IST" duration-ms="89" status="PASS">
          <reporter-output>
          </reporter-output>
        </test-method> <!-- tearDown -->
      </class> <!-- com.qa.opencart.tests.LoginPageTest -->
    </test> <!-- Login Page Test -->
  </suite> <!-- Opencart App Test Sanity Suite -->
</testng-results>
